<?xml version="1.0" encoding="UTF-8"?>
<testng-results ignored="5" total="10" passed="5" failed="0" skipped="0">
  <reporter-output>
  </reporter-output>
  <suite started-at="2023-04-03T23:24:43 AEST" name="Suite" finished-at="2023-04-03T23:25:14 AEST" duration-ms="30722">
    <groups>
      <group name="smoke">
        <method signature="FinanceTest.verifyAddedAccountDetails()[pri:24, instance:com.HRMS.Scripts.FinanceTest@2bec854f]" name="verifyAddedAccountDetails" class="com.HRMS.Scripts.FinanceTest"/>
        <method signature="FinanceTest.verifyFixedAccountBalance()[pri:25, instance:com.HRMS.Scripts.FinanceTest@2bec854f]" name="verifyFixedAccountBalance" class="com.HRMS.Scripts.FinanceTest"/>
        <method signature="LoginTest.verifyLoginValidUserValidPassword(java.lang.String,int)[pri:4, instance:com.HRMS.Scripts.LoginTest@14f232c4]" name="verifyLoginValidUserValidPassword" class="com.HRMS.Scripts.LoginTest"/>
      </group> <!-- smoke -->
    </groups>
    <test started-at="2023-04-03T23:24:43 AEST" name="Test" finished-at="2023-04-03T23:25:14 AEST" duration-ms="30722">
      <class name="com.HRMS.Scripts.FinanceTest">
        <test-method signature="verifyAddedAccountDetails()[pri:24, instance:com.HRMS.Scripts.FinanceTest@2bec854f]" started-at="2023-04-03T23:25:02 AEST" name="verifyAddedAccountDetails" description="verify newly added account is listed" finished-at="2023-04-03T23:25:05 AEST" duration-ms="3287" status="PASS">
          <reporter-output>
          </reporter-output>
        </test-method> <!-- verifyAddedAccountDetails -->
        <test-method is-config="true" signature="afterMethod(org.testng.ITestResult)[pri:0, instance:com.HRMS.Scripts.FinanceTest@2bec854f]" started-at="2023-04-03T23:25:05 AEST" name="afterMethod" finished-at="2023-04-03T23:25:05 AEST" duration-ms="231" status="PASS">
          <params>
            <param index="0">
              <value>
                <![CDATA[[TestResult name=verifyAddedAccountDetails status=SUCCESS method=FinanceTest.verifyAddedAccountDetails()[pri:24, instance:com.HRMS.Scripts.FinanceTest@2bec854f] output={null}]]]>
              </value>
            </param>
          </params>
          <reporter-output>
          </reporter-output>
        </test-method> <!-- afterMethod -->
        <test-method signature="verifyFixedAccountBalance()[pri:25, instance:com.HRMS.Scripts.FinanceTest@2bec854f]" started-at="2023-04-03T23:25:05 AEST" name="verifyFixedAccountBalance" description="verify the  account balance is listed" finished-at="2023-04-03T23:25:06 AEST" duration-ms="403" status="PASS">
          <reporter-output>
          </reporter-output>
        </test-method> <!-- verifyFixedAccountBalance -->
        <test-method is-config="true" signature="afterMethod(org.testng.ITestResult)[pri:0, instance:com.HRMS.Scripts.FinanceTest@2bec854f]" started-at="2023-04-03T23:25:06 AEST" name="afterMethod" finished-at="2023-04-03T23:25:06 AEST" duration-ms="267" status="PASS">
          <params>
            <param index="0">
              <value>
                <![CDATA[[TestResult name=verifyFixedAccountBalance status=SUCCESS method=FinanceTest.verifyFixedAccountBalance()[pri:25, instance:com.HRMS.Scripts.FinanceTest@2bec854f] output={null}]]]>
              </value>
            </param>
          </params>
          <reporter-output>
          </reporter-output>
        </test-method> <!-- afterMethod -->
        <test-method signature="verifyAddedPayeeDetails()[pri:26, instance:com.HRMS.Scripts.FinanceTest@2bec854f]" started-at="2023-04-03T23:25:06 AEST" name="verifyAddedPayeeDetails" description="verify newly added payee is listed" finished-at="2023-04-03T23:25:09 AEST" duration-ms="2735" status="PASS">
          <reporter-output>
          </reporter-output>
        </test-method> <!-- verifyAddedPayeeDetails -->
        <test-method is-config="true" signature="afterMethod(org.testng.ITestResult)[pri:0, instance:com.HRMS.Scripts.FinanceTest@2bec854f]" started-at="2023-04-03T23:25:09 AEST" name="afterMethod" finished-at="2023-04-03T23:25:09 AEST" duration-ms="250" status="PASS">
          <params>
            <param index="0">
              <value>
                <![CDATA[[TestResult name=verifyAddedPayeeDetails status=SUCCESS method=FinanceTest.verifyAddedPayeeDetails()[pri:26, instance:com.HRMS.Scripts.FinanceTest@2bec854f] output={null}]]]>
              </value>
            </param>
          </params>
          <reporter-output>
          </reporter-output>
        </test-method> <!-- afterMethod -->
        <test-method signature="verifyPayerDetails()[pri:27, instance:com.HRMS.Scripts.FinanceTest@2bec854f]" started-at="2023-04-03T23:25:09 AEST" name="verifyPayerDetails" description="verify the added payer details are deleted" finished-at="2023-04-03T23:25:13 AEST" duration-ms="4430" status="PASS">
          <reporter-output>
          </reporter-output>
        </test-method> <!-- verifyPayerDetails -->
        <test-method is-config="true" signature="afterMethod(org.testng.ITestResult)[pri:0, instance:com.HRMS.Scripts.FinanceTest@2bec854f]" started-at="2023-04-03T23:25:13 AEST" name="afterMethod" finished-at="2023-04-03T23:25:14 AEST" duration-ms="238" status="PASS">
          <params>
            <param index="0">
              <value>
                <![CDATA[[TestResult name=verifyPayerDetails status=SUCCESS method=FinanceTest.verifyPayerDetails()[pri:27, instance:com.HRMS.Scripts.FinanceTest@2bec854f] output={null}]]]>
              </value>
            </param>
          </params>
          <reporter-output>
          </reporter-output>
        </test-method> <!-- afterMethod -->
      </class> <!-- com.HRMS.Scripts.FinanceTest -->
      <class name="com.HRMS.Scripts.LoginTest">
        <test-method is-config="true" signature="beforeTest(java.lang.String)[pri:0, instance:com.HRMS.Scripts.LoginTest@14f232c4]" started-at="2023-04-03T23:24:43 AEST" name="beforeTest" finished-at="2023-04-03T23:24:51 AEST" duration-ms="8343" status="PASS">
          <params>
            <param index="0">
              <value>
                <![CDATA[edge]]>
              </value>
            </param>
          </params>
          <reporter-output>
          </reporter-output>
        </test-method> <!-- beforeTest -->
        <test-method signature="verifyLoginValidUserValidPassword(java.lang.String,int)[pri:4, instance:com.HRMS.Scripts.LoginTest@14f232c4]" started-at="2023-04-03T23:24:53 AEST" name="verifyLoginValidUserValidPassword" description="Verifying LoginPage with valid username and password" data-provider="ValidUserValidPassword" finished-at="2023-04-03T23:25:01 AEST" duration-ms="8893" status="PASS">
          <params>
            <param index="0">
              <value>
                <![CDATA[admin]]>
              </value>
            </param>
            <param index="1">
              <value>
                <![CDATA[123456]]>
              </value>
            </param>
          </params>
          <reporter-output>
          </reporter-output>
        </test-method> <!-- verifyLoginValidUserValidPassword -->
        <test-method is-config="true" signature="afterMethod(org.testng.ITestResult)[pri:0, instance:com.HRMS.Scripts.LoginTest@14f232c4]" started-at="2023-04-03T23:25:01 AEST" name="afterMethod" finished-at="2023-04-03T23:25:02 AEST" duration-ms="351" status="PASS">
          <params>
            <param index="0">
              <value>
                <![CDATA[[TestResult name=verifyLoginValidUserValidPassword status=SUCCESS method=LoginTest.verifyLoginValidUserValidPassword(java.lang.String,int)[pri:4, instance:com.HRMS.Scripts.LoginTest@14f232c4] output={null}]]]>
              </value>
            </param>
          </params>
          <reporter-output>
          </reporter-output>
        </test-method> <!-- afterMethod -->
        <test-method is-config="true" signature="afterTest()[pri:0, instance:com.HRMS.Scripts.LoginTest@14f232c4]" started-at="2023-04-03T23:25:14 AEST" name="afterTest" finished-at="2023-04-03T23:25:14 AEST" duration-ms="0" status="PASS">
          <reporter-output>
          </reporter-output>
        </test-method> <!-- afterTest -->
      </class> <!-- com.HRMS.Scripts.LoginTest -->
    </test> <!-- Test -->
  </suite> <!-- Suite -->
</testng-results>
