<?xml version="1.0" encoding="UTF-8"?>
<!-- Generated by org.testng.reporters.JUnitXMLReporter -->
<testsuite ignored="3" hostname="192-168-1-108.tpgi.com.au" failures="0" tests="2" name="ParallelClass-Test" time="19.888" errors="0" timestamp="2023-03-19T15:42:36 AEDT">
  <testcase classname="com.HRMS.Scripts.LoginTest" name="verifyLoginValidUserInvalidPassword" time="1.38"/>
  <testcase classname="com.HRMS.Scripts.LoginTest" name="verifyLoginValidUserValidPassword" time="9.566"/>
  <testcase classname="com.HRMS.Scripts.LoginTest" name="verifyLoginInvalidUserInvalidPassword" time="0.0">
    <ignored/>
  </testcase> <!-- verifyLoginInvalidUserInvalidPassword -->
  <testcase classname="com.HRMS.Scripts.LoginTest" name="verifyLoginInvalidUserValidPassword" time="0.0">
    <ignored/>
  </testcase> <!-- verifyLoginInvalidUserValidPassword -->
  <testcase classname="com.HRMS.Base.TestBase" name="testBase" time="0.0">
    <ignored/>
  </testcase> <!-- testBase -->
</testsuite> <!-- ParallelClass-Test -->
