<?xml version="1.0" encoding="UTF-8"?>
<!-- Generated by org.testng.reporters.JUnitXMLReporter -->
<testsuite ignored="3" hostname="192-168-1-108.tpgi.com.au" failures="0" tests="7" name="ParallelTesting-Test2" time="48.161" errors="0" timestamp="2023-04-04T12:23:44 AEST">
  <testcase classname="com.HRMS.Scripts.LoginTest" name="verifyLoginValidUserValidPassword" time="11.066"/>
  <testcase classname="com.HRMS.Scripts.OrganizationTest" name="verifyAddedPersonDetails" time="6.034"/>
  <testcase classname="com.HRMS.Scripts.OrganizationTest" name="verifyOfficialDocumentsType" time="4.117"/>
  <testcase classname="com.HRMS.Scripts.OrganizationTest" name="verifyLocationDetails" time="4.072"/>
  <testcase classname="com.HRMS.Scripts.OrganizationTest" name="verifyDesignationAdded" time="3.684"/>
  <testcase classname="com.HRMS.Scripts.OrganizationTest" name="verifyAddedCompaanyPolicyTitle" time="4.629"/>
  <testcase classname="com.HRMS.Scripts.OrganizationTest" name="verifyCompanyPolicyUpdated" time="2.615"/>
  <testcase classname="com.HRMS.Scripts.LoginTest" name="verifyLoginValidUserInvalidPassword" time="0.0">
    <ignored/>
  </testcase> <!-- verifyLoginValidUserInvalidPassword -->
  <testcase classname="com.HRMS.Scripts.LoginTest" name="verifyLoginInvalidUserInvalidPassword" time="0.0">
    <ignored/>
  </testcase> <!-- verifyLoginInvalidUserInvalidPassword -->
  <testcase classname="com.HRMS.Scripts.LoginTest" name="verifyLoginInvalidUserValidPassword" time="0.0">
    <ignored/>
  </testcase> <!-- verifyLoginInvalidUserValidPassword -->
</testsuite> <!-- ParallelTesting-Test2 -->
