<?xml version="1.0" encoding="UTF-8"?>
<!-- Generated by org.testng.reporters.JUnitXMLReporter -->
<testsuite ignored="4" hostname="192-168-1-108.tpgi.com.au" failures="0" tests="1" name="ParallelTesting-Test1" time="38.518" errors="0" timestamp="2023-03-20T13:21:38 AEDT">
  <testcase classname="com.HRMS.Scripts.LoginTest" name="verifyLoginValidUserInvalidPassword" time="17.729"/>
  <testcase classname="com.HRMS.Scripts.LoginTest" name="verifyLoginValidUserValidPassword" time="0.0">
    <ignored/>
  </testcase> <!-- verifyLoginValidUserValidPassword -->
  <testcase classname="com.HRMS.Scripts.LoginTest" name="verifyLoginInvalidUserInvalidPassword" time="0.0">
    <ignored/>
  </testcase> <!-- verifyLoginInvalidUserInvalidPassword -->
  <testcase classname="com.HRMS.Scripts.LoginTest" name="verifyLoginInvalidUserValidPassword" time="0.0">
    <ignored/>
  </testcase> <!-- verifyLoginInvalidUserValidPassword -->
  <testcase classname="com.HRMS.Base.TestBase" name="testBase" time="0.0">
    <ignored/>
  </testcase> <!-- testBase -->
</testsuite> <!-- ParallelTesting-Test1 -->
