<?xml version="1.0" encoding="UTF-8"?>
<!-- Generated by org.testng.reporters.JUnitXMLReporter -->
<testsuite ignored="15" hostname="192-168-1-108.tpgi.com.au" failures="0" tests="27" name="Test" time="86.365" errors="0" timestamp="2023-04-05T11:10:04 AEST">
  <testcase classname="com.HRMS.Scripts.LoginTest" name="verifyLoginValidUserValidPassword" time="7.551"/>
  <testcase classname="com.HRMS.Scripts.StaffTest" name="verifyAddedRoleisListed" time="3.58"/>
  <testcase classname="com.HRMS.Scripts.StaffTest" name="verifyAddedRoleisDeleted" time="1.68"/>
  <testcase classname="com.HRMS.Scripts.StaffTest" name="verifyCompanySelection" time="2.466"/>
  <testcase classname="com.HRMS.Scripts.StaffTest" name="verifyCompanyStaffRecords" time="1.789"/>
  <testcase classname="com.HRMS.Scripts.StaffTest" name="verifyfilterButtonStatus" time="1.842"/>
  <testcase classname="com.HRMS.Scripts.StaffTest" name="checkActiveOptionStatus" time="1.07"/>
  <testcase classname="com.HRMS.Scripts.OrganizationTest" name="verifyAddedPersonDetails" time="4.555"/>
  <testcase classname="com.HRMS.Scripts.OrganizationTest" name="verifyOfficialDocumentsType" time="3.359"/>
  <testcase classname="com.HRMS.Scripts.OrganizationTest" name="verifyLocationDetails" time="3.003"/>
  <testcase classname="com.HRMS.Scripts.OrganizationTest" name="verifyDesignationAdded" time="2.529"/>
  <testcase classname="com.HRMS.Scripts.OrganizationTest" name="verifyAddedCompaanyPolicyTitle" time="3.225"/>
  <testcase classname="com.HRMS.Scripts.OrganizationTest" name="verifyCompanyPolicyUpdated" time="2.664"/>
  <testcase classname="com.HRMS.Scripts.TrainingTest" name="verifyTrainingButtonstatus" time="0.518"/>
  <testcase classname="com.HRMS.Scripts.TrainingTest" name="verifyTrainingTypeSelected" time="2.344"/>
  <testcase classname="com.HRMS.Scripts.TrainingTest" name="verifyTrainingTypeUpdated" time="1.647"/>
  <testcase classname="com.HRMS.Scripts.TrainingTest" name="verifyContactNumberVisibility" time="3.303"/>
  <testcase classname="com.HRMS.Scripts.ProjectManagerTest" name="verifyProjectCount" time="3.819"/>
  <testcase classname="com.HRMS.Scripts.ProjectManagerTest" name="verifyCountrySelection" time="3.269"/>
  <testcase classname="com.HRMS.Scripts.ProjectManagerTest" name="verifyTaxTypeEntered" time="2.17"/>
  <testcase classname="com.HRMS.Scripts.FinanceTest" name="verifyAddedAccountDetails" time="2.228"/>
  <testcase classname="com.HRMS.Scripts.FinanceTest" name="verifyFixedAccountBalance" time="0.343"/>
  <testcase classname="com.HRMS.Scripts.FinanceTest" name="verifyAddedPayeeDetails" time="2.523"/>
  <testcase classname="com.HRMS.Scripts.FinanceTest" name="verifyPayerDetails" time="4.299"/>
  <testcase classname="com.HRMS.Scripts.HRReportsPageTest" name="verifyProjectReportStatusisListed" time="2.879"/>
  <testcase classname="com.HRMS.Scripts.HRReportsPageTest" name="verifyUserReportDetails" time="2.698"/>
  <testcase classname="com.HRMS.Scripts.HRReportsPageTest" name="verifyEmployeeIDisListed" time="1.863"/>
  <testcase classname="com.HRMS.Scripts.LoginTest" name="verifyLoginValidUserInvalidPassword" time="0.0">
    <ignored/>
  </testcase> <!-- verifyLoginValidUserInvalidPassword -->
  <testcase classname="com.HRMS.Scripts.LoginTest" name="verifyLoginInvalidUserInvalidPassword" time="0.0">
    <ignored/>
  </testcase> <!-- verifyLoginInvalidUserInvalidPassword -->
  <testcase classname="com.HRMS.Base.TestBase" name="@AfterTest tearDown" time="0.0">
    <ignored/>
  </testcase> <!-- @AfterTest tearDown -->
  <testcase classname="com.HRMS.Base.TestBase" name="@AfterTest tearDown" time="0.0">
    <ignored/>
  </testcase> <!-- @AfterTest tearDown -->
  <testcase classname="com.HRMS.Base.TestBase" name="@AfterTest tearDown" time="0.0">
    <ignored/>
  </testcase> <!-- @AfterTest tearDown -->
  <testcase classname="com.HRMS.Base.TestBase" name="@AfterTest tearDown" time="0.0">
    <ignored/>
  </testcase> <!-- @AfterTest tearDown -->
  <testcase classname="com.HRMS.Base.TestBase" name="@AfterTest tearDown" time="0.0">
    <ignored/>
  </testcase> <!-- @AfterTest tearDown -->
  <testcase classname="com.HRMS.Base.TestBase" name="@AfterTest tearDown" time="0.0">
    <ignored/>
  </testcase> <!-- @AfterTest tearDown -->
  <testcase classname="com.HRMS.Scripts.LoginTest" name="verifyLoginInvalidUserValidPassword" time="0.0">
    <ignored/>
  </testcase> <!-- verifyLoginInvalidUserValidPassword -->
  <testcase classname="com.HRMS.Base.TestBase" name="@BeforeTest setUp" time="0.0">
    <ignored/>
  </testcase> <!-- @BeforeTest setUp -->
  <testcase classname="com.HRMS.Base.TestBase" name="@BeforeTest setUp" time="0.0">
    <ignored/>
  </testcase> <!-- @BeforeTest setUp -->
  <testcase classname="com.HRMS.Base.TestBase" name="@BeforeTest setUp" time="0.0">
    <ignored/>
  </testcase> <!-- @BeforeTest setUp -->
  <testcase classname="com.HRMS.Base.TestBase" name="@BeforeTest setUp" time="0.0">
    <ignored/>
  </testcase> <!-- @BeforeTest setUp -->
  <testcase classname="com.HRMS.Base.TestBase" name="@BeforeTest setUp" time="0.0">
    <ignored/>
  </testcase> <!-- @BeforeTest setUp -->
  <testcase classname="com.HRMS.Base.TestBase" name="@BeforeTest setUp" time="0.0">
    <ignored/>
  </testcase> <!-- @BeforeTest setUp -->
</testsuite> <!-- Test -->
