<?xml version="1.0" encoding="UTF-8"?>
<!-- Generated by org.testng.reporters.JUnitXMLReporter -->
<testsuite ignored="13" hostname="192-168-1-108.tpgi.com.au" failures="0" tests="6" name="TestGrouping" time="36.389" errors="0" timestamp="2023-04-10T19:40:16 AEST">
  <testcase classname="com.HRMS.Scripts.LoginTest" name="verifyLoginValidUserValidPassword" time="11.215"/>
  <testcase classname="com.HRMS.Scripts.TrainingTest" name="verifyTrainingButtonstatus" time="0.166"/>
  <testcase classname="com.HRMS.Scripts.FinanceTest" name="verifyAddedAccountDetails" time="3.706"/>
  <testcase classname="com.HRMS.Scripts.FinanceTest" name="verifyFixedAccountBalance" time="0.435"/>
  <testcase classname="com.HRMS.Scripts.HRReportsPageTest" name="verifyProjectReportStatusisListed" time="3.746"/>
  <testcase classname="com.HRMS.Scripts.HRReportsPageTest" name="verifyEmployeeIDisListed" time="3.255"/>
  <testcase classname="com.HRMS.Scripts.LoginTest" name="verifyLoginValidUserInvalidPassword" time="0.0">
    <ignored/>
  </testcase> <!-- verifyLoginValidUserInvalidPassword -->
  <testcase classname="com.HRMS.Scripts.LoginTest" name="verifyLoginInvalidUserInvalidPassword" time="0.0">
    <ignored/>
  </testcase> <!-- verifyLoginInvalidUserInvalidPassword -->
  <testcase classname="com.HRMS.Scripts.TrainingTest" name="verifyTrainingTypeUpdated" time="0.0">
    <ignored/>
  </testcase> <!-- verifyTrainingTypeUpdated -->
  <testcase classname="com.HRMS.Scripts.FinanceTest" name="verifyAddedPayeeDetails" time="0.0">
    <ignored/>
  </testcase> <!-- verifyAddedPayeeDetails -->
  <testcase classname="com.HRMS.Scripts.TrainingTest" name="verifyTrainingTypeSelected" time="0.0">
    <ignored/>
  </testcase> <!-- verifyTrainingTypeSelected -->
  <testcase classname="com.HRMS.Scripts.FinanceTest" name="verifyPayerDetails" time="0.0">
    <ignored/>
  </testcase> <!-- verifyPayerDetails -->
  <testcase classname="com.HRMS.Scripts.LoginTest" name="verifyLoginInvalidUserValidPassword" time="0.0">
    <ignored/>
  </testcase> <!-- verifyLoginInvalidUserValidPassword -->
  <testcase classname="com.HRMS.Scripts.TrainingTest" name="verifyContactNumberVisibility" time="0.0">
    <ignored/>
  </testcase> <!-- verifyContactNumberVisibility -->
  <testcase classname="com.HRMS.Base.TestBase" name="@BeforeTest setUp" time="0.0">
    <ignored/>
  </testcase> <!-- @BeforeTest setUp -->
  <testcase classname="com.HRMS.Base.TestBase" name="@BeforeTest setUp" time="0.0">
    <ignored/>
  </testcase> <!-- @BeforeTest setUp -->
  <testcase classname="com.HRMS.Base.TestBase" name="@BeforeTest setUp" time="0.0">
    <ignored/>
  </testcase> <!-- @BeforeTest setUp -->
  <testcase classname="com.HRMS.Base.TestBase" name="@BeforeTest setUp" time="0.0">
    <ignored/>
  </testcase> <!-- @BeforeTest setUp -->
  <testcase classname="com.HRMS.Scripts.HRReportsPageTest" name="verifyUserReportDetails" time="0.0">
    <ignored/>
  </testcase> <!-- verifyUserReportDetails -->
</testsuite> <!-- TestGrouping -->
